Arguments: 
  /usr/local/bin/node /usr/local/bin/yarn add create-react-app

PATH: 
  /usr/local/bin:/usr/bin:/bin:/usr/sbin:/sbin

Yarn version: 
  1.22.11

Node version: 
  18.7.0

Platform: 
  darwin arm64

Trace: 
  Error: certificate has expired
      at TLSSocket.onConnectSecure (node:_tls_wrap:1534:34)
      at TLSSocket.emit (node:events:513:28)
      at TLSSocket._finishInit (node:_tls_wrap:948:8)
      at ssl.onhandshakedone (node:_tls_wrap:729:12)

npm manifest: 
  {
    "name": "mini-react",
    "version": "1.0.0",
    "description": "手写基础的react实现",
    "main": "index.js",
    "scripts": {
      "test": "echo \"Error: no test specified\" && exit 1"
    },
    "author": "",
    "license": "ISC"
  }

yarn manifest: 
  No manifest

Lockfile: 
  No lockfile
